2007/10/12 15:28:23:156 BST [WARN ][main] SFCORE_LOG - Log 'SFCORE_LOG' , values [class,level,codebase]: org.smartfrog.sfcore.logging.LogToFileImpl, 3, null
using Class ComponentDescription:
{null}
, and using Component ComponentDescription:
{null} ** org.smartfrog.sfcore.processcompound.SFProcess.<clinit>(SFProcess.java:64) ** 
2007/10/12 15:28:23:156 BST [WARN ][main] SFCORE_LOG - Error during initialization of localLog for LogImpl. Next trying to use Default (LogToFile) ** org.smartfrog.sfcore.processcompound.SFProcess.<clinit>(SFProcess.java:64) **  <SmartFrogResolutionException:: Error during parsing of 'org/smartfrog/sfcore/logging/logimpl.sf'. Parser error while resolving phases [SmartFrogResolutionException:: link, cause: java.lang.NullPointerException]
    cause: SmartFrogResolutionException:: link
       cause: java.lang.NullPointerException>
        
2007/10/12 15:28:23:171 BST [WARN ][main] SFCORE_LOG - Log 'SFCORE_LOG' , values [class,level,codebase]: org.smartfrog.sfcore.logging.LogToFileImpl, 3, null
using Class ComponentDescription:
{null}
, and using Component ComponentDescription:
{null} ** org.smartfrog.SFSystem.sfLog(SFSystem.java:623) ** 
2007/10/12 15:28:23:171 BST [WARN ][main] SFCORE_LOG - Error during initialization of localLog for LogImpl. Next trying to use Default (LogToFile) ** org.smartfrog.SFSystem.sfLog(SFSystem.java:623) **  <SmartFrogResolutionException:: Error during parsing of 'org/smartfrog/sfcore/logging/logimpl.sf'. Parser error while resolving phases [SmartFrogResolutionException:: link, cause: java.lang.NullPointerException]
    cause: SmartFrogResolutionException:: link
       cause: java.lang.NullPointerException>
        
2007/10/12 15:28:23:187 BST [WARN ][main] SFCORE_LOG - Error during init of class org.smartfrog.Version ** org.smartfrog.sfcore.logging.LogImpl.warn(LogImpl.java:819) **  <SmartFrogResolutionException:: Error during parsing of 'org/smartfrog/version.sf'. Parser error while resolving phases [SmartFrogResolutionException:: link, cause: java.lang.NullPointerException]
    cause: SmartFrogResolutionException:: link
       cause: java.lang.NullPointerException>
        

Parser - SmartFrog 3.4.17 (buildDate)
2007/10/12 15:28:23:203 BST [WARN ][main] SFCORE_LOG - Error during init of class org.smartfrog.Version ** org.smartfrog.sfcore.logging.LogImpl.warn(LogImpl.java:819) **  <SmartFrogResolutionException:: Error during parsing of 'org/smartfrog/version.sf'. Parser error while resolving phases [SmartFrogResolutionException:: link, cause: java.lang.NullPointerException]
    cause: SmartFrogResolutionException:: link
       cause: java.lang.NullPointerException>
        
(C) Copyright 1998-2006 HP Development Company, LP
 
******************** PHASE raw *********************
extends DATA {
  Function extends {
    phase.function "org.smartfrog.sfcore.languages.sf.ConstructFunction";
    sfFunctionClass "";
  }
  vector extends Function, {
      sfFunctionClass "org.smartfrog.sfcore.languages.sf.functions.Vector";
    };
  append extends Function, {
      sfFunctionClass "org.smartfrog.sfcore.languages.sf.functions.Append";
    };
  concat extends Function, {
      sfFunctionClass "org.smartfrog.sfcore.languages.sf.functions.Concatenate";
    };
  formatString extends Function, {
      sfFunctionClass "org.smartfrog.sfcore.languages.sf.functions.Format";
    };
  sum extends Function, {
      sfFunctionClass "org.smartfrog.sfcore.languages.sf.functions.Sum";
    };
  plus extends sum;
  product extends Function, {
      sfFunctionClass "org.smartfrog.sfcore.languages.sf.functions.Product";
    };
  minus extends Function, {
      sfFunctionClass "org.smartfrog.sfcore.languages.sf.functions.Minus";
    };
  divide extends Function, {
      sfFunctionClass "org.smartfrog.sfcore.languages.sf.functions.Divide";
    };
  and extends Function, {
      sfFunctionClass "org.smartfrog.sfcore.languages.sf.functions.And";
    };
  or extends Function, {
      sfFunctionClass "org.smartfrog.sfcore.languages.sf.functions.Or";
    };
  not extends Function, {
      sfFunctionClass "org.smartfrog.sfcore.languages.sf.functions.Not";
    };
  GE extends Function, {
      sfFunctionClass "org.smartfrog.sfcore.languages.sf.functions.GE";
    };
  LE extends Function, {
      sfFunctionClass "org.smartfrog.sfcore.languages.sf.functions.LE";
    };
  GT extends Function, {
      sfFunctionClass "org.smartfrog.sfcore.languages.sf.functions.GT";
    };
  LT extends Function, {
      sfFunctionClass "org.smartfrog.sfcore.languages.sf.functions.LT";
    };
  EQ extends Function, {
      sfFunctionClass "org.smartfrog.sfcore.languages.sf.functions.EQ";
    };
  NE extends Function, {
      sfFunctionClass "org.smartfrog.sfcore.languages.sf.functions.NE";
    };
  ifThenElse extends Function, {
      sfFunctionClass "org.smartfrog.sfcore.languages.sf.functions.IfThenElse";
    };
  next extends Function, {
      sfFunctionClass "org.smartfrog.sfcore.languages.sf.functions.Next";
    };
  random extends Function, {
      sfFunctionClass "org.smartfrog.sfcore.languages.sf.functions.Random";
    };
  date extends Function, {
      sfFunctionClass "org.smartfrog.sfcore.languages.sf.functions.Date";
    };
  userinput extends Function, {
      sfFunctionClass "org.smartfrog.sfcore.languages.sf.functions.UserInput";
    };
  ref extends Function, {
      sfFunctionClass "org.smartfrog.sfcore.languages.sf.functions.Ref";
    };
  Ref extends Function, {
      sfFunctionClass "org.smartfrog.sfcore.languages.sf.functions.Ref";
    };
  Constraint extends Function, {
      sfFunctionClass "org.smartfrog.sfcore.languages.sf.functions.Constraint";
    };
  sfConfig extends {
    foo1 extends Constraint, {
        x foo2:x;
        y VAR0;
        z VAR1;
        [ sfConstraint ] p2 "#::(y,[1..6])";
        [ sfConstraint ] p3 "y#<6";
        [ sfConstraint ] p4 "z is x+1, y is x*z";
      };
    foo2 extends Constraint, {
        x VAR2;
        [ sfConstraint ] unique60 "(x=2; x=1)";
      };
  }
}






******************** PHASE type *********************
extends DATA {
  Function extends {
    phase.function "org.smartfrog.sfcore.languages.sf.ConstructFunction";
    sfFunctionClass "";
  }
  vector extends {
    phase.function "org.smartfrog.sfcore.languages.sf.ConstructFunction";
    sfFunctionClass "org.smartfrog.sfcore.languages.sf.functions.Vector";
  }
  append extends {
    phase.function "org.smartfrog.sfcore.languages.sf.ConstructFunction";
    sfFunctionClass "org.smartfrog.sfcore.languages.sf.functions.Append";
  }
  concat extends {
    phase.function "org.smartfrog.sfcore.languages.sf.ConstructFunction";
    sfFunctionClass "org.smartfrog.sfcore.languages.sf.functions.Concatenate";
  }
  formatString extends {
    phase.function "org.smartfrog.sfcore.languages.sf.ConstructFunction";
    sfFunctionClass "org.smartfrog.sfcore.languages.sf.functions.Format";
  }
  sum extends {
    phase.function "org.smartfrog.sfcore.languages.sf.ConstructFunction";
    sfFunctionClass "org.smartfrog.sfcore.languages.sf.functions.Sum";
  }
  plus extends {
    phase.function "org.smartfrog.sfcore.languages.sf.ConstructFunction";
    sfFunctionClass "org.smartfrog.sfcore.languages.sf.functions.Sum";
  }
  product extends {
    phase.function "org.smartfrog.sfcore.languages.sf.ConstructFunction";
    sfFunctionClass "org.smartfrog.sfcore.languages.sf.functions.Product";
  }
  minus extends {
    phase.function "org.smartfrog.sfcore.languages.sf.ConstructFunction";
    sfFunctionClass "org.smartfrog.sfcore.languages.sf.functions.Minus";
  }
  divide extends {
    phase.function "org.smartfrog.sfcore.languages.sf.ConstructFunction";
    sfFunctionClass "org.smartfrog.sfcore.languages.sf.functions.Divide";
  }
  and extends {
    phase.function "org.smartfrog.sfcore.languages.sf.ConstructFunction";
    sfFunctionClass "org.smartfrog.sfcore.languages.sf.functions.And";
  }
  or extends {
    phase.function "org.smartfrog.sfcore.languages.sf.ConstructFunction";
    sfFunctionClass "org.smartfrog.sfcore.languages.sf.functions.Or";
  }
  not extends {
    phase.function "org.smartfrog.sfcore.languages.sf.ConstructFunction";
    sfFunctionClass "org.smartfrog.sfcore.languages.sf.functions.Not";
  }
  GE extends {
    phase.function "org.smartfrog.sfcore.languages.sf.ConstructFunction";
    sfFunctionClass "org.smartfrog.sfcore.languages.sf.functions.GE";
  }
  LE extends {
    phase.function "org.smartfrog.sfcore.languages.sf.ConstructFunction";
    sfFunctionClass "org.smartfrog.sfcore.languages.sf.functions.LE";
  }
  GT extends {
    phase.function "org.smartfrog.sfcore.languages.sf.ConstructFunction";
    sfFunctionClass "org.smartfrog.sfcore.languages.sf.functions.GT";
  }
  LT extends {
    phase.function "org.smartfrog.sfcore.languages.sf.ConstructFunction";
    sfFunctionClass "org.smartfrog.sfcore.languages.sf.functions.LT";
  }
  EQ extends {
    phase.function "org.smartfrog.sfcore.languages.sf.ConstructFunction";
    sfFunctionClass "org.smartfrog.sfcore.languages.sf.functions.EQ";
  }
  NE extends {
    phase.function "org.smartfrog.sfcore.languages.sf.ConstructFunction";
    sfFunctionClass "org.smartfrog.sfcore.languages.sf.functions.NE";
  }
  ifThenElse extends {
    phase.function "org.smartfrog.sfcore.languages.sf.ConstructFunction";
    sfFunctionClass "org.smartfrog.sfcore.languages.sf.functions.IfThenElse";
  }
  next extends {
    phase.function "org.smartfrog.sfcore.languages.sf.ConstructFunction";
    sfFunctionClass "org.smartfrog.sfcore.languages.sf.functions.Next";
  }
  random extends {
    phase.function "org.smartfrog.sfcore.languages.sf.ConstructFunction";
    sfFunctionClass "org.smartfrog.sfcore.languages.sf.functions.Random";
  }
  date extends {
    phase.function "org.smartfrog.sfcore.languages.sf.ConstructFunction";
    sfFunctionClass "org.smartfrog.sfcore.languages.sf.functions.Date";
  }
  userinput extends {
    phase.function "org.smartfrog.sfcore.languages.sf.ConstructFunction";
    sfFunctionClass "org.smartfrog.sfcore.languages.sf.functions.UserInput";
  }
  ref extends {
    phase.function "org.smartfrog.sfcore.languages.sf.ConstructFunction";
    sfFunctionClass "org.smartfrog.sfcore.languages.sf.functions.Ref";
  }
  Ref extends {
    phase.function "org.smartfrog.sfcore.languages.sf.ConstructFunction";
    sfFunctionClass "org.smartfrog.sfcore.languages.sf.functions.Ref";
  }
  Constraint extends {
    phase.function "org.smartfrog.sfcore.languages.sf.ConstructFunction";
    sfFunctionClass "org.smartfrog.sfcore.languages.sf.functions.Constraint";
  }
  sfConfig extends {
    foo1 extends {
      phase.function "org.smartfrog.sfcore.languages.sf.ConstructFunction";
      sfFunctionClass "org.smartfrog.sfcore.languages.sf.functions.Constraint";
      x foo2:x;
      y VAR3;
      z VAR4;
      [ sfConstraint ] p2 "#::(y,[1..6])";
      [ sfConstraint ] p3 "y#<6";
      [ sfConstraint ] p4 "z is x+1, y is x*z";
    }
    foo2 extends {
      phase.function "org.smartfrog.sfcore.languages.sf.ConstructFunction";
      sfFunctionClass "org.smartfrog.sfcore.languages.sf.functions.Constraint";
      x VAR5;
      [ sfConstraint ] unique60 "(x=2; x=1)";
    }
  }
}






******************** PHASE place *********************
extends DATA {
  Function extends {
    phase.function "org.smartfrog.sfcore.languages.sf.ConstructFunction";
    sfFunctionClass "";
  }
  vector extends {
    phase.function "org.smartfrog.sfcore.languages.sf.ConstructFunction";
    sfFunctionClass "org.smartfrog.sfcore.languages.sf.functions.Vector";
  }
  append extends {
    phase.function "org.smartfrog.sfcore.languages.sf.ConstructFunction";
    sfFunctionClass "org.smartfrog.sfcore.languages.sf.functions.Append";
  }
  concat extends {
    phase.function "org.smartfrog.sfcore.languages.sf.ConstructFunction";
    sfFunctionClass "org.smartfrog.sfcore.languages.sf.functions.Concatenate";
  }
  formatString extends {
    phase.function "org.smartfrog.sfcore.languages.sf.ConstructFunction";
    sfFunctionClass "org.smartfrog.sfcore.languages.sf.functions.Format";
  }
  sum extends {
    phase.function "org.smartfrog.sfcore.languages.sf.ConstructFunction";
    sfFunctionClass "org.smartfrog.sfcore.languages.sf.functions.Sum";
  }
  plus extends {
    phase.function "org.smartfrog.sfcore.languages.sf.ConstructFunction";
    sfFunctionClass "org.smartfrog.sfcore.languages.sf.functions.Sum";
  }
  product extends {
    phase.function "org.smartfrog.sfcore.languages.sf.ConstructFunction";
    sfFunctionClass "org.smartfrog.sfcore.languages.sf.functions.Product";
  }
  minus extends {
    phase.function "org.smartfrog.sfcore.languages.sf.ConstructFunction";
    sfFunctionClass "org.smartfrog.sfcore.languages.sf.functions.Minus";
  }
  divide extends {
    phase.function "org.smartfrog.sfcore.languages.sf.ConstructFunction";
    sfFunctionClass "org.smartfrog.sfcore.languages.sf.functions.Divide";
  }
  and extends {
    phase.function "org.smartfrog.sfcore.languages.sf.ConstructFunction";
    sfFunctionClass "org.smartfrog.sfcore.languages.sf.functions.And";
  }
  or extends {
    phase.function "org.smartfrog.sfcore.languages.sf.ConstructFunction";
    sfFunctionClass "org.smartfrog.sfcore.languages.sf.functions.Or";
  }
  not extends {
    phase.function "org.smartfrog.sfcore.languages.sf.ConstructFunction";
    sfFunctionClass "org.smartfrog.sfcore.languages.sf.functions.Not";
  }
  GE extends {
    phase.function "org.smartfrog.sfcore.languages.sf.ConstructFunction";
    sfFunctionClass "org.smartfrog.sfcore.languages.sf.functions.GE";
  }
  LE extends {
    phase.function "org.smartfrog.sfcore.languages.sf.ConstructFunction";
    sfFunctionClass "org.smartfrog.sfcore.languages.sf.functions.LE";
  }
  GT extends {
    phase.function "org.smartfrog.sfcore.languages.sf.ConstructFunction";
    sfFunctionClass "org.smartfrog.sfcore.languages.sf.functions.GT";
  }
  LT extends {
    phase.function "org.smartfrog.sfcore.languages.sf.ConstructFunction";
    sfFunctionClass "org.smartfrog.sfcore.languages.sf.functions.LT";
  }
  EQ extends {
    phase.function "org.smartfrog.sfcore.languages.sf.ConstructFunction";
    sfFunctionClass "org.smartfrog.sfcore.languages.sf.functions.EQ";
  }
  NE extends {
    phase.function "org.smartfrog.sfcore.languages.sf.ConstructFunction";
    sfFunctionClass "org.smartfrog.sfcore.languages.sf.functions.NE";
  }
  ifThenElse extends {
    phase.function "org.smartfrog.sfcore.languages.sf.ConstructFunction";
    sfFunctionClass "org.smartfrog.sfcore.languages.sf.functions.IfThenElse";
  }
  next extends {
    phase.function "org.smartfrog.sfcore.languages.sf.ConstructFunction";
    sfFunctionClass "org.smartfrog.sfcore.languages.sf.functions.Next";
  }
  random extends {
    phase.function "org.smartfrog.sfcore.languages.sf.ConstructFunction";
    sfFunctionClass "org.smartfrog.sfcore.languages.sf.functions.Random";
  }
  date extends {
    phase.function "org.smartfrog.sfcore.languages.sf.ConstructFunction";
    sfFunctionClass "org.smartfrog.sfcore.languages.sf.functions.Date";
  }
  userinput extends {
    phase.function "org.smartfrog.sfcore.languages.sf.ConstructFunction";
    sfFunctionClass "org.smartfrog.sfcore.languages.sf.functions.UserInput";
  }
  ref extends {
    phase.function "org.smartfrog.sfcore.languages.sf.ConstructFunction";
    sfFunctionClass "org.smartfrog.sfcore.languages.sf.functions.Ref";
  }
  Ref extends {
    phase.function "org.smartfrog.sfcore.languages.sf.ConstructFunction";
    sfFunctionClass "org.smartfrog.sfcore.languages.sf.functions.Ref";
  }
  Constraint extends {
    phase.function "org.smartfrog.sfcore.languages.sf.ConstructFunction";
    sfFunctionClass "org.smartfrog.sfcore.languages.sf.functions.Constraint";
  }
  sfConfig extends {
    foo1 extends {
      phase.function "org.smartfrog.sfcore.languages.sf.ConstructFunction";
      sfFunctionClass "org.smartfrog.sfcore.languages.sf.functions.Constraint";
      x foo2:x;
      y VAR3;
      z VAR4;
      [ sfConstraint ] p2 "#::(y,[1..6])";
      [ sfConstraint ] p3 "y#<6";
      [ sfConstraint ] p4 "z is x+1, y is x*z";
    }
    foo2 extends {
      phase.function "org.smartfrog.sfcore.languages.sf.ConstructFunction";
      sfFunctionClass "org.smartfrog.sfcore.languages.sf.functions.Constraint";
      x VAR5;
      [ sfConstraint ] unique60 "(x=2; x=1)";
    }
  }
}






******************** PHASE function *********************
extends DATA {
  Function APPLY {sfFunctionClass "";
};
  vector APPLY {sfFunctionClass "org.smartfrog.sfcore.languages.sf.functions.Vector";
};
  append APPLY {sfFunctionClass "org.smartfrog.sfcore.languages.sf.functions.Append";
};
  concat APPLY {sfFunctionClass "org.smartfrog.sfcore.languages.sf.functions.Concatenate";
};
  formatString APPLY {sfFunctionClass "org.smartfrog.sfcore.languages.sf.functions.Format";
};
  sum APPLY {sfFunctionClass "org.smartfrog.sfcore.languages.sf.functions.Sum";
};
  plus APPLY {sfFunctionClass "org.smartfrog.sfcore.languages.sf.functions.Sum";
};
  product APPLY {sfFunctionClass "org.smartfrog.sfcore.languages.sf.functions.Product";
};
  minus APPLY {sfFunctionClass "org.smartfrog.sfcore.languages.sf.functions.Minus";
};
  divide APPLY {sfFunctionClass "org.smartfrog.sfcore.languages.sf.functions.Divide";
};
  and APPLY {sfFunctionClass "org.smartfrog.sfcore.languages.sf.functions.And";
};
  or APPLY {sfFunctionClass "org.smartfrog.sfcore.languages.sf.functions.Or";
};
  not APPLY {sfFunctionClass "org.smartfrog.sfcore.languages.sf.functions.Not";
};
  GE APPLY {sfFunctionClass "org.smartfrog.sfcore.languages.sf.functions.GE";
};
  LE APPLY {sfFunctionClass "org.smartfrog.sfcore.languages.sf.functions.LE";
};
  GT APPLY {sfFunctionClass "org.smartfrog.sfcore.languages.sf.functions.GT";
};
  LT APPLY {sfFunctionClass "org.smartfrog.sfcore.languages.sf.functions.LT";
};
  EQ APPLY {sfFunctionClass "org.smartfrog.sfcore.languages.sf.functions.EQ";
};
  NE APPLY {sfFunctionClass "org.smartfrog.sfcore.languages.sf.functions.NE";
};
  ifThenElse APPLY {sfFunctionClass "org.smartfrog.sfcore.languages.sf.functions.IfThenElse";
};
  next APPLY {sfFunctionClass "org.smartfrog.sfcore.languages.sf.functions.Next";
};
  random APPLY {sfFunctionClass "org.smartfrog.sfcore.languages.sf.functions.Random";
};
  date APPLY {sfFunctionClass "org.smartfrog.sfcore.languages.sf.functions.Date";
};
  userinput APPLY {sfFunctionClass "org.smartfrog.sfcore.languages.sf.functions.UserInput";
};
  ref APPLY {sfFunctionClass "org.smartfrog.sfcore.languages.sf.functions.Ref";
};
  Ref APPLY {sfFunctionClass "org.smartfrog.sfcore.languages.sf.functions.Ref";
};
  Constraint APPLY {sfFunctionClass "org.smartfrog.sfcore.languages.sf.functions.Constraint";
};
  sfConfig extends {
    foo1 APPLY {sfFunctionClass "org.smartfrog.sfcore.languages.sf.functions.Constraint";
x foo2:x;
y VAR3;
z VAR4;
[ sfConstraint ] p2 "#::(y,[1..6])";
[ sfConstraint ] p3 "y#<6";
[ sfConstraint ] p4 "z is x+1, y is x*z";
};
    foo2 APPLY {sfFunctionClass "org.smartfrog.sfcore.languages.sf.functions.Constraint";
x VAR5;
[ sfConstraint ] unique60 "(x=2; x=1)";
};
  }
}






******************** PHASE sfConfig *********************
extends {
  foo1 APPLY {sfFunctionClass "org.smartfrog.sfcore.languages.sf.functions.Constraint";
x foo2:x;
y VAR3;
z VAR4;
[ sfConstraint ] p2 "#::(y,[1..6])";
[ sfConstraint ] p3 "y#<6";
[ sfConstraint ] p4 "z is x+1, y is x*z";
};
  foo2 APPLY {sfFunctionClass "org.smartfrog.sfcore.languages.sf.functions.Constraint";
x VAR5;
[ sfConstraint ] unique60 "(x=2; x=1)";
};
}






