#
# An unexpected error has been detected by HotSpot Virtual Machine:
#
#  EXCEPTION_ACCESS_VIOLATION (0xc0000005) at pc=0x0bdb1893, pid=236, tid=4544
#
# Java VM: Java HotSpot(TM) Client VM (1.5.0_11-b03 mixed mode)
# Problematic frame:
# C  [ic.dll+0x1893]
#

---------------  T H R E A D  ---------------

Current thread (0x0ae2f9a0):  JavaThread "Thread-0" [_thread_in_native, id=4544]

siginfo: ExceptionCode=0xc0000005, reading address 0x00000008

Registers:
EAX=0x0b9d2f88, EBX=0x0bd5f818, ECX=0x0b9d2f98, EDX=0x00000000
ESP=0x0bd5f7e8, EBP=0x0bd5f800, ESI=0x0b9d7ea8, EDI=0x2004fe8c
EIP=0x0bdb1893, EFLAGS=0x00010206

Top of Stack: (sp=0x0bd5f7e8)
0x0bd5f7e8:   10053320 0be23b10 0bd5f820 0b2c0526
0x0bd5f7f8:   0bd5f818 0be000a8 0bd5f850 0bdb2ad5
0x0bd5f808:   10053320 0bd5f818 0b8756e0 0b871f60
0x0bd5f818:   10053320 0b9d2f88 0bd5f850 800000ff
0x0bd5f828:   0b8c1588 2004febc 0bd5f850 0b326d51
0x0bd5f838:   2004fe94 800000ff 0000000c 0000000a
0x0bd5f848:   0b361898 10053320 0bd5f980 0b2b768f
0x0bd5f858:   10053320 800d2cfd 0000010b 00000000 

Instructions: (pc=0x0bdb1893)
0x0bdb1883:   85 f6 78 75 8d 48 10 8b 51 04 85 d2 78 7f 8b 11
0x0bdb1893:   dd 42 08 8d 48 18 dd 5b 10 8b 51 04 85 d2 0f 88 


Stack: [0x0bd20000,0x0bd60000),  sp=0x0bd5f7e8,  free space=253k
Native frames: (J=compiled Java code, j=interpreted, Vv=VM code, C=native code)
C  [ic.dll+0x1893]
C  [ic.dll+0x2ad5]
C  [eclipse.dll+0x1768f]
C  [eclipse.dll+0x9cb62]
C  [eclipse.dll+0xa8860]
C  [ec_java.dll+0x1758]
j  com.parctechnologies.eclipse.NativeEclipse.resumeLong(Ljava/lang/Integer;)I+0
j  com.parctechnologies.eclipse.EmbeddedEclipse.getNextControlSignal(ZZ)Lcom/parctechnologies/eclipse/EclipseConnectionImpl$ControlSignal;+25
j  com.parctechnologies.eclipse.EclipseConnectionImpl.waitForEclipse(Z)V+5
j  com.parctechnologies.eclipse.EclipseConnectionImpl.executeRpc(Ljava/lang/Object;)Lcom/parctechnologies/eclipse/CompoundTerm;+7
j  com.parctechnologies.eclipse.EclipseConnectionImpl.rpc(Ljava/lang/String;)Lcom/parctechnologies/eclipse/CompoundTerm;+6
j  org.smartfrog.sfcore.languages.sf.constraints.EclipseSolver.run()V+6
j  java.lang.Thread.run()V+11
v  ~StubRoutines::call_stub
V  [jvm.dll+0x871a8]
V  [jvm.dll+0xdf462]
V  [jvm.dll+0x87079]
V  [jvm.dll+0x86dd6]
V  [jvm.dll+0xa1a14]
V  [jvm.dll+0x110aa6]
V  [jvm.dll+0x110a74]
C  [MSVCRT.dll+0x2a3b0]
C  [kernel32.dll+0xb6a3]

Java frames: (J=compiled Java code, j=interpreted, Vv=VM code)
j  com.parctechnologies.eclipse.NativeEclipse.resumeLong(Ljava/lang/Integer;)I+0
j  com.parctechnologies.eclipse.EmbeddedEclipse.getNextControlSignal(ZZ)Lcom/parctechnologies/eclipse/EclipseConnectionImpl$ControlSignal;+25
j  com.parctechnologies.eclipse.EclipseConnectionImpl.waitForEclipse(Z)V+5
j  com.parctechnologies.eclipse.EclipseConnectionImpl.executeRpc(Ljava/lang/Object;)Lcom/parctechnologies/eclipse/CompoundTerm;+7
j  com.parctechnologies.eclipse.EclipseConnectionImpl.rpc(Ljava/lang/String;)Lcom/parctechnologies/eclipse/CompoundTerm;+6
j  org.smartfrog.sfcore.languages.sf.constraints.EclipseSolver.run()V+6
j  java.lang.Thread.run()V+11
v  ~StubRoutines::call_stub

---------------  P R O C E S S  ---------------

Java Threads: ( => current thread )
=>0x0ae2f9a0 JavaThread "Thread-0" [_thread_in_native, id=4544]
  0x00a34bd0 JavaThread "Low Memory Detector" daemon [_thread_blocked, id=2828]
  0x00a337d0 JavaThread "CompilerThread0" daemon [_thread_blocked, id=2080]
  0x00a32be0 JavaThread "Signal Dispatcher" daemon [_thread_blocked, id=6060]
  0x00a29b00 JavaThread "Finalizer" daemon [_thread_blocked, id=4204]
  0x00a28690 JavaThread "Reference Handler" daemon [_thread_blocked, id=5184]
  0x00356d30 JavaThread "main" [_thread_blocked, id=4732]

Other Threads:
  0x00a25bc8 VMThread [id=2716]
  0x00a35e28 WatcherThread [id=1156]

VM state:not at safepoint (normal execution)

VM Mutex/Monitor currently owned by a thread: None

Heap
 def new generation   total 576K, used 356K [0x02a70000, 0x02b10000, 0x02f50000)
  eden space 512K,  60% used [0x02a70000, 0x02abd4e0, 0x02af0000)
  from space 64K,  73% used [0x02b00000, 0x02b0bd50, 0x02b10000)
  to   space 64K,   0% used [0x02af0000, 0x02af0000, 0x02b00000)
 tenured generation   total 1408K, used 359K [0x02f50000, 0x030b0000, 0x06a70000)
   the space 1408K,  25% used [0x02f50000, 0x02fa9cf0, 0x02fa9e00, 0x030b0000)
 compacting perm gen  total 8192K, used 3480K [0x06a70000, 0x07270000, 0x0aa70000)
   the space 8192K,  42% used [0x06a70000, 0x06dd6080, 0x06dd6200, 0x07270000)
No shared spaces configured.

Dynamic libraries:
0x00400000 - 0x0040d000 	C:\JBuilder2007\jre\bin\javaw.exe
0x7c900000 - 0x7c9b0000 	C:\WINDOWS\system32\ntdll.dll
0x7c800000 - 0x7c8f5000 	C:\WINDOWS\system32\kernel32.dll
0x77dd0000 - 0x77e6b000 	C:\WINDOWS\system32\ADVAPI32.dll
0x77e70000 - 0x77f02000 	C:\WINDOWS\system32\RPCRT4.dll
0x77fe0000 - 0x77ff1000 	C:\WINDOWS\system32\Secur32.dll
0x7e410000 - 0x7e4a0000 	C:\WINDOWS\system32\USER32.dll
0x77f10000 - 0x77f57000 	C:\WINDOWS\system32\GDI32.dll
0x77c10000 - 0x77c68000 	C:\WINDOWS\system32\MSVCRT.dll
0x6d740000 - 0x6d8dd000 	C:\JBuilder2007\jre\jre\bin\client\jvm.dll
0x76b40000 - 0x76b6d000 	C:\WINDOWS\system32\WINMM.dll
0x6d300000 - 0x6d308000 	C:\JBuilder2007\jre\jre\bin\hpi.dll
0x76bf0000 - 0x76bfb000 	C:\WINDOWS\system32\PSAPI.DLL
0x6d710000 - 0x6d71c000 	C:\JBuilder2007\jre\jre\bin\verify.dll
0x6d380000 - 0x6d39d000 	C:\JBuilder2007\jre\jre\bin\java.dll
0x6d730000 - 0x6d73f000 	C:\JBuilder2007\jre\jre\bin\zip.dll
0x10000000 - 0x10041000 	C:\ECLiPSe510\lib\i386_nt\ec_java_load.dll
0x0b250000 - 0x0b291000 	C:\ECLiPSe510\lib\i386_nt\ec_java.dll
0x0b2a0000 - 0x0b3ae000 	C:\ECLIPSE510\lib\i386_nt\eclipse.dll
0x5b860000 - 0x5b8b4000 	C:\WINDOWS\system32\NETAPI32.DLL
0x71ad0000 - 0x71ad9000 	C:\WINDOWS\system32\WSOCK32.DLL
0x71ab0000 - 0x71ac7000 	C:\WINDOWS\system32\WS2_32.dll
0x71aa0000 - 0x71aa8000 	C:\WINDOWS\system32\WS2HELP.dll
0x0b3b0000 - 0x0b3df000 	C:\ECLIPSE510\lib\i386_nt\gmp33.dll
0x0b8d0000 - 0x0b976000 	C:\ECLIPSE510\lib\i386_nt\pteclipse.dll
0x5d090000 - 0x5d12a000 	C:\WINDOWS\system32\COMCTL32.DLL
0x763b0000 - 0x763f9000 	C:\WINDOWS\system32\COMDLG32.DLL
0x77f60000 - 0x77fd6000 	C:\WINDOWS\system32\SHLWAPI.dll
0x7c9c0000 - 0x7d1d5000 	C:\WINDOWS\system32\SHELL32.dll
0x773d0000 - 0x774d3000 	C:\WINDOWS\WinSxS\x86_Microsoft.Windows.Common-Controls_6595b64144ccf1df_6.0.2600.2982_x-ww_ac3f9c03\comctl32.dll
0x71a50000 - 0x71a8f000 	C:\WINDOWS\System32\mswsock.dll
0x76f20000 - 0x76f47000 	C:\WINDOWS\system32\DNSAPI.dll
0x76fb0000 - 0x76fb8000 	C:\WINDOWS\System32\winrnr.dll
0x76f60000 - 0x76f8c000 	C:\WINDOWS\system32\WLDAP32.dll
0x76fc0000 - 0x76fc6000 	C:\WINDOWS\system32\rasadhlp.dll
0x0bd60000 - 0x0bda5000 	C:\ECLIPSE510\lib\i386_nt\bitmap.dll
0x0bdb0000 - 0x0bdfb000 	C:\ECLIPSE510\lib\i386_nt\ic.dll

VM Arguments:
jvm_args: -Declipse.directory=C:\ECLIPSE510 -Dorg.smartfrog.iniFile=C:\constraints\smartfrog\dist\bin\default.ini
java_command: org.smartfrog.SFParse -v test4.sf
Launcher Type: SUN_STANDARD

Environment Variables:
JAVA_HOME=C:\Program Files\Java\jdk1.6.0_02
PATH=c:\program files\imagemagick-6.3.5-q16;C:\Program Files\MiKTeX 2.6\miktex\bin;C:\WINDOWS\system32;C:\WINDOWS;C:\WINDOWS\System32\Wbem;C:\Program Files\ActivCard\ActivCard Gold\resources;C:\WINDOWS\RIT;C:\Program Files\MySQL\MySQL Server 5.0\bin;C:\Program Files\Java\jdk1.6.0_02\bin;C:\constraints\smartfrog\dist\bin;C:\ant\apache-ant-1.7.0\bin
USERNAME=anfarr
OS=Windows_NT
PROCESSOR_IDENTIFIER=x86 Family 6 Model 15 Stepping 6, GenuineIntel



---------------  S Y S T E M  ---------------

OS: Windows XP Build 2600 Service Pack 2

CPU:total 2 (cores per cpu 2, threads per core 1) family 6 model 15 stepping 6, cmov, cx8, fxsr, mmx, sse, sse2

Memory: 4k page, physical 2096492k(1165244k free), swap 4033504k(3066808k free)

vm_info: Java HotSpot(TM) Client VM (1.5.0_11-b03) for windows-x86, built on Dec 15 2006 01:16:12 by "java_re" with MS VC++ 6.0

