#
# An unexpected error has been detected by HotSpot Virtual Machine:
#
#  EXCEPTION_ACCESS_VIOLATION (0xc0000005) at pc=0x6d741e3a, pid=1948, tid=4008
#
# Java VM: Java HotSpot(TM) Client VM (1.5.0_11-b03 mixed mode)
# Problematic frame:
# V  [jvm.dll+0x1e3a]
#

---------------  T H R E A D  ---------------

Current thread (0x00a25fa0):  VMThread [id=4008]

siginfo: ExceptionCode=0xc0000005, reading address 0x0000000c

Registers:
EAX=0x00000008, EBX=0x009e9810, ECX=0x00357138, EDX=0x00000008
ESP=0x0aaaf984, EBP=0x0aaaf9a4, ESI=0x00357138, EDI=0x0aaafab8
EIP=0x6d741e3a, EFLAGS=0x00010202

Top of Stack: (sp=0x0aaaf984)
0x0aaaf984:   00357138 6d7a50b4 00000008 0aaafab8
0x0aaaf994:   0abefc90 00000000 009e9810 009e9810
0x0aaaf9a4:   0aaafa10 6d7a43b5 00357138 0abefc90
0x0aaaf9b4:   00a268dc 0abefc5c 6d8006ab 0abefc90
0x0aaaf9c4:   6d869a28 0aaafab8 00a268d0 00000000
0x0aaaf9d4:   6d869aab 00000000 0aaafab8 0aaafab8
0x0aaaf9e4:   00000000 6d86a1bb 0aaafab8 6d85307e
0x0aaaf9f4:   0aaafab8 009e9570 6d7afaee 0aaafab8 

Instructions: (pc=0x6d741e3a)
0x6d741e2a:   e8 e5 44 06 00 5f 5e c9 c3 8b 54 24 04 56 8b f1
0x6d741e3a:   8b 42 04 85 c0 7f 25 7d 1b 83 c9 ff 2b c8 8b 46 


Stack: [0x0aa70000,0x0aab0000),  sp=0x0aaaf984,  free space=254k
Native frames: (J=compiled Java code, j=interpreted, Vv=VM code, C=native code)
V  [jvm.dll+0x1e3a]
V  [jvm.dll+0x643b5]
V  [jvm.dll+0x64d13]
V  [jvm.dll+0x6f8ba]
V  [jvm.dll+0x51d3e]
V  [jvm.dll+0x6fa5c]
V  [jvm.dll+0x12a230]
V  [jvm.dll+0x129cfe]
V  [jvm.dll+0x129ea7]
V  [jvm.dll+0x129c0c]
C  [MSVCRT.dll+0x2a3b0]
C  [kernel32.dll+0xb6a3]

VM_Operation (0x0c00f7c0): generation collection for allocation, mode: safepoint, requested by thread 0x00a6f648


---------------  P R O C E S S  ---------------

Java Threads: ( => current thread )
  0x00a6f648 JavaThread "Thread-0" [_thread_blocked, id=1576]
  0x00a3f918 JavaThread "Low Memory Detector" daemon [_thread_blocked, id=3080]
  0x00a3ddc0 JavaThread "CompilerThread0" daemon [_thread_blocked, id=5716]
  0x00a3d158 JavaThread "Signal Dispatcher" daemon [_thread_blocked, id=4380]
  0x00a3adf0 JavaThread "JDWP Command Reader" daemon [_thread_in_native, id=5352]
  0x00a398d8 JavaThread "JDWP Event Helper Thread" daemon [_thread_blocked, id=4436]
  0x00357138 JavaThread "JDWP Transport Listener: dt_socket" daemon [_thread_blocked, id=3904]
  0x00a294f8 JavaThread "Finalizer" daemon [_thread_blocked, id=2812]
  0x00a28a68 JavaThread "Reference Handler" daemon [_thread_blocked, id=3552]
  0x003568d8 JavaThread "main" [_thread_blocked, id=4884]

Other Threads:
=>0x00a25fa0 VMThread [id=4008]
  0x00a40b50 WatcherThread [id=5988]

VM state:at safepoint (normal execution)

VM Mutex/Monitor currently owned by a thread:  ([mutex/lock_event])
[0x00355f20/0x00003f18] Threads_lock - owner thread: 0x00a25fa0
[0x003560a8/0x00003edc] Heap_lock - owner thread: 0x00a6f648

Heap
 def new generation   total 576K, used 512K [0x02a70000, 0x02b10000, 0x02f50000)
  eden space 512K, 100% used [0x02a70000, 0x02af0000, 0x02af0000)
  from space 64K,   0% used [0x02af0000, 0x02af0028, 0x02b00000)
  to   space 64K,   0% used [0x02b00000, 0x02b00010, 0x02b10000)
 tenured generation   total 1408K, used 450K [0x02f50000, 0x030b0000, 0x06a70000)
   the space 1408K,  32% used [0x02f50000, 0x02fc0af8, 0x02fc0c00, 0x030b0000)
 compacting perm gen  total 8192K, used 3487K [0x06a70000, 0x07270000, 0x0aa70000)
   the space 8192K,  42% used [0x06a70000, 0x06dd7d98, 0x06dd7e00, 0x07270000)
No shared spaces configured.

Dynamic libraries:
0x00400000 - 0x0040d000 	C:\JBuilder2007\jre\bin\javaw.exe
0x7c900000 - 0x7c9b0000 	C:\WINDOWS\system32\ntdll.dll
0x7c800000 - 0x7c8f5000 	C:\WINDOWS\system32\kernel32.dll
0x77dd0000 - 0x77e6b000 	C:\WINDOWS\system32\ADVAPI32.dll
0x77e70000 - 0x77f02000 	C:\WINDOWS\system32\RPCRT4.dll
0x77fe0000 - 0x77ff1000 	C:\WINDOWS\system32\Secur32.dll
0x7e410000 - 0x7e4a0000 	C:\WINDOWS\system32\USER32.dll
0x77f10000 - 0x77f57000 	C:\WINDOWS\system32\GDI32.dll
0x77c10000 - 0x77c68000 	C:\WINDOWS\system32\MSVCRT.dll
0x6d740000 - 0x6d8dd000 	C:\JBuilder2007\jre\jre\bin\client\jvm.dll
0x76b40000 - 0x76b6d000 	C:\WINDOWS\system32\WINMM.dll
0x6d300000 - 0x6d308000 	C:\JBuilder2007\jre\jre\bin\hpi.dll
0x76bf0000 - 0x76bfb000 	C:\WINDOWS\system32\PSAPI.DLL
0x6d400000 - 0x6d435000 	C:\JBuilder2007\jre\jre\bin\jdwp.dll
0x6d710000 - 0x6d71c000 	C:\JBuilder2007\jre\jre\bin\verify.dll
0x6d380000 - 0x6d39d000 	C:\JBuilder2007\jre\jre\bin\java.dll
0x6d730000 - 0x6d73f000 	C:\JBuilder2007\jre\jre\bin\zip.dll
0x6d290000 - 0x6d297000 	C:\JBuilder2007\jre\jre\bin\dt_socket.dll
0x71ab0000 - 0x71ac7000 	C:\WINDOWS\system32\WS2_32.dll
0x71aa0000 - 0x71aa8000 	C:\WINDOWS\system32\WS2HELP.dll
0x71a50000 - 0x71a8f000 	C:\WINDOWS\System32\mswsock.dll
0x76f20000 - 0x76f47000 	C:\WINDOWS\system32\DNSAPI.dll
0x76fb0000 - 0x76fb8000 	C:\WINDOWS\System32\winrnr.dll
0x76f60000 - 0x76f8c000 	C:\WINDOWS\system32\WLDAP32.dll
0x76fc0000 - 0x76fc6000 	C:\WINDOWS\system32\rasadhlp.dll
0x662b0000 - 0x66308000 	C:\WINDOWS\system32\hnetcfg.dll
0x71a90000 - 0x71a98000 	C:\WINDOWS\System32\wshtcpip.dll
0x10000000 - 0x10041000 	C:\ECLiPSe510\lib\i386_nt\ec_java_load.dll
0x0b390000 - 0x0b3d1000 	C:\ECLiPSe510\lib\i386_nt\ec_java.dll
0x0b3e0000 - 0x0b4ee000 	C:\ECLIPSE510\lib\i386_nt\eclipse.dll
0x5b860000 - 0x5b8b4000 	C:\WINDOWS\system32\NETAPI32.DLL
0x71ad0000 - 0x71ad9000 	C:\WINDOWS\system32\WSOCK32.DLL
0x0b4f0000 - 0x0b51f000 	C:\ECLIPSE510\lib\i386_nt\gmp33.dll
0x0b9e0000 - 0x0ba86000 	C:\ECLIPSE510\lib\i386_nt\pteclipse.dll
0x5d090000 - 0x5d12a000 	C:\WINDOWS\system32\COMCTL32.DLL
0x763b0000 - 0x763f9000 	C:\WINDOWS\system32\COMDLG32.DLL
0x77f60000 - 0x77fd6000 	C:\WINDOWS\system32\SHLWAPI.dll
0x7c9c0000 - 0x7d1d5000 	C:\WINDOWS\system32\SHELL32.dll
0x773d0000 - 0x774d3000 	C:\WINDOWS\WinSxS\x86_Microsoft.Windows.Common-Controls_6595b64144ccf1df_6.0.2600.2982_x-ww_ac3f9c03\comctl32.dll
0x0bde0000 - 0x0be25000 	C:\ECLIPSE510\lib\i386_nt\bitmap.dll
0x0be30000 - 0x0be7b000 	C:\ECLIPSE510\lib\i386_nt\ic.dll

VM Arguments:
jvm_args: -Declipse.directory=C:\ECLIPSE510 -Dorg.smartfrog.iniFile=C:\constraints\smartfrog\dist\bin\default.ini -agentlib:jdwp=transport=dt_socket,suspend=y,address=localhost:2789
java_command: org.smartfrog.SFParse -v test3.sf
Launcher Type: SUN_STANDARD

Environment Variables:
JAVA_HOME=C:\Program Files\Java\jdk1.6.0_02
PATH=c:\program files\imagemagick-6.3.5-q16;C:\Program Files\MiKTeX 2.6\miktex\bin;C:\WINDOWS\system32;C:\WINDOWS;C:\WINDOWS\System32\Wbem;C:\Program Files\ActivCard\ActivCard Gold\resources;C:\WINDOWS\RIT;C:\Program Files\MySQL\MySQL Server 5.0\bin;C:\Program Files\Java\jdk1.6.0_02\bin;C:\constraints\smartfrog\dist\bin;C:\ant\apache-ant-1.7.0\bin
USERNAME=anfarr
OS=Windows_NT
PROCESSOR_IDENTIFIER=x86 Family 6 Model 15 Stepping 6, GenuineIntel



---------------  S Y S T E M  ---------------

OS: Windows XP Build 2600 Service Pack 2

CPU:total 2 (cores per cpu 2, threads per core 1) family 6 model 15 stepping 6, cmov, cx8, fxsr, mmx, sse, sse2

Memory: 4k page, physical 2096492k(991316k free), swap 4033504k(2898136k free)

vm_info: Java HotSpot(TM) Client VM (1.5.0_11-b03) for windows-x86, built on Dec 15 2006 01:16:12 by "java_re" with MS VC++ 6.0

