2007/09/27 02:05:14:968 BST [WARN ][main] SFCORE_LOG - Log 'SFCORE_LOG' , values [class,level,codebase]: org.smartfrog.sfcore.logging.LogToFileImpl, 3, null
using Class ComponentDescription:
{null}
, and using Component ComponentDescription:
{null} ** org.smartfrog.sfcore.processcompound.SFProcess.<clinit>(SFProcess.java:64) ** 
2007/09/27 02:05:14:968 BST [WARN ][main] SFCORE_LOG - Error during initialization of localLog for LogImpl. Next trying to use Default (LogToFile) ** org.smartfrog.sfcore.processcompound.SFProcess.<clinit>(SFProcess.java:64) **  <SmartFrogResolutionException:: Error during parsing of 'org/smartfrog/sfcore/logging/logimpl.sf'. Parser error while resolving phases [SmartFrogResolutionException:: Unable to construct constraint solver, cause: java.lang.NullPointerException]
    cause: SmartFrogResolutionException:: Unable to construct constraint solver
       cause: java.lang.NullPointerException>
        SmartFrogResolutionException:: Error during parsing of 'org/smartfrog/sfcore/logging/logimpl.sf'. Parser error while resolving phases [SmartFrogResolutionException:: Unable to construct constraint solver, cause: java.lang.NullPointerException], cause: SmartFrogResolutionException:: Unable to construct constraint solver,    cause: java.lang.NullPointerException
	at org.smartfrog.sfcore.componentdescription.ComponentDescriptionImpl.sfComponentDescription(ComponentDescriptionImpl.java:920)
	at org.smartfrog.sfcore.componentdescription.ComponentDescriptionImpl.sfComponentDescription(ComponentDescriptionImpl.java:882)
	at org.smartfrog.sfcore.componentdescription.ComponentDescriptionImpl.sfComponentDescription(ComponentDescriptionImpl.java:860)
	at org.smartfrog.sfcore.componentdescription.ComponentDescriptionImpl.getClassComponentDescription(ComponentDescriptionImpl.java:1239)
	at org.smartfrog.sfcore.componentdescription.ComponentDescriptionImpl.getClassComponentDescription(ComponentDescriptionImpl.java:1196)
	at org.smartfrog.sfcore.logging.LogImpl.<init>(LogImpl.java:244)
	at org.smartfrog.sfcore.logging.LogImpl.<init>(LogImpl.java:215)
	at org.smartfrog.sfcore.logging.LogImpl.<init>(LogImpl.java:206)
	at org.smartfrog.sfcore.logging.LogFactory.getLog(LogFactory.java:121)
	at org.smartfrog.sfcore.logging.LogFactory.sfGetProcessLog(LogFactory.java:188)
	at org.smartfrog.sfcore.processcompound.SFProcess.<clinit>(SFProcess.java:64)
	at org.smartfrog.sfcore.logging.LogToFileImpl.createFile(LogToFileImpl.java:232)
	at org.smartfrog.sfcore.logging.LogToFileImpl.<init>(LogToFileImpl.java:108)
	at org.smartfrog.sfcore.logging.LogToFileImpl.<init>(LogToFileImpl.java:90)
	at org.smartfrog.sfcore.logging.LogImpl.<init>(LogImpl.java:280)
	at org.smartfrog.sfcore.logging.LogImpl.<init>(LogImpl.java:215)
	at org.smartfrog.sfcore.logging.LogImpl.<init>(LogImpl.java:206)
	at org.smartfrog.sfcore.logging.LogFactory.getLog(LogFactory.java:121)
	at org.smartfrog.sfcore.logging.LogFactory.sfGetProcessLog(LogFactory.java:188)
	at org.smartfrog.SFSystem.sfLog(SFSystem.java:623)
	at org.smartfrog.sfcore.common.Logger.init(Logger.java:101)
	at org.smartfrog.SFParse.main(SFParse.java:263)
Caused by: SmartFrogResolutionException:: Unable to construct constraint solver, cause: java.lang.NullPointerException
	at org.smartfrog.sfcore.languages.sf.constraints.CoreSolver.solveConstraints(CoreSolver.java:40)
	at org.smartfrog.sfcore.languages.sf.sfcomponentdescription.SFComponentDescriptionImpl.constraintsResolve(SFComponentDescriptionImpl.java:612)
	at org.smartfrog.sfcore.languages.sf.sfcomponentdescription.SFComponentDescriptionImpl.sfResolvePhases(SFComponentDescriptionImpl.java:921)
	at org.smartfrog.sfcore.componentdescription.ComponentDescriptionImpl.sfComponentDescription(ComponentDescriptionImpl.java:917)
	... 21 more
Caused by: java.lang.NullPointerException
	at org.smartfrog.sfcore.languages.sf.constraints.PrologSolver.collectConstraints(PrologSolver.java:120)
	at org.smartfrog.sfcore.languages.sf.constraints.CoreSolver.solveConstraints(CoreSolver.java:37)
	... 24 more

