#
# An unexpected error has been detected by HotSpot Virtual Machine:
#
#  EXCEPTION_ACCESS_VIOLATION (0xc0000005) at pc=0x0be81893, pid=4816, tid=4992
#
# Java VM: Java HotSpot(TM) Client VM (1.5.0_11-b03 mixed mode)
# Problematic frame:
# C  [ic.dll+0x1893]
#

---------------  T H R E A D  ---------------

Current thread (0x0af9d8e0):  JavaThread "Thread-0" [_thread_in_native, id=4992]

siginfo: ExceptionCode=0xc0000005, reading address 0x00000008

Registers:
EAX=0x0bae2f88, EBX=0x0be2f860, ECX=0x0bae2f98, EDX=0x00000000
ESP=0x0be2f830, EBP=0x0be2f848, ESI=0x0bae7ea8, EDI=0x2004fe6c
EIP=0x0be81893, EFLAGS=0x00010206

Top of Stack: (sp=0x0be2f830)
0x0be2f830:   10337790 0bef3b10 0be2f868 0b400526
0x0be2f840:   0be2f860 0bed00a8 0be2f898 0be82ad5
0x0be2f850:   10337790 0be2f860 0b9856e0 0b981f60
0x0be2f860:   10337790 0bae2f88 0be2f898 800000ff
0x0be2f870:   0b9d1588 2004fe9c 0be2f898 0b466d51
0x0be2f880:   2004fe74 800000ff 0000000c 0000000a
0x0be2f890:   0b4a1898 10337790 0be2f9c8 0b3f768f
0x0be2f8a0:   10337790 800d2cfd 0000010b 00000000 

Instructions: (pc=0x0be81893)
0x0be81883:   85 f6 78 75 8d 48 10 8b 51 04 85 d2 78 7f 8b 11
0x0be81893:   dd 42 08 8d 48 18 dd 5b 10 8b 51 04 85 d2 0f 88 


Stack: [0x0bdf0000,0x0be30000),  sp=0x0be2f830,  free space=254k
Native frames: (J=compiled Java code, j=interpreted, Vv=VM code, C=native code)
C  [ic.dll+0x1893]
C  [ic.dll+0x2ad5]
C  [eclipse.dll+0x1768f]
C  [eclipse.dll+0x9cb62]
C  [eclipse.dll+0xa8860]
C  [ec_java.dll+0x1758]
J  com.parctechnologies.eclipse.NativeEclipse.resumeLong(Ljava/lang/Integer;)I
J  com.parctechnologies.eclipse.EmbeddedEclipse.getNextControlSignal(ZZ)Lcom/parctechnologies/eclipse/EclipseConnectionImpl$ControlSignal;
J  com.parctechnologies.eclipse.EclipseConnectionImpl.waitForEclipse(Z)V
v  ~OSRAdapter
j  com.parctechnologies.eclipse.EclipseConnectionImpl.executeRpc(Ljava/lang/Object;)Lcom/parctechnologies/eclipse/CompoundTerm;+7
j  com.parctechnologies.eclipse.EclipseConnectionImpl.rpc(Ljava/lang/String;)Lcom/parctechnologies/eclipse/CompoundTerm;+6
j  org.smartfrog.sfcore.languages.sf.constraints.EclipseSolver.run()V+6
j  java.lang.Thread.run()V+11
v  ~StubRoutines::call_stub
V  [jvm.dll+0x871a8]
V  [jvm.dll+0xdf462]
V  [jvm.dll+0x87079]
V  [jvm.dll+0x86dd6]
V  [jvm.dll+0xa1a14]
V  [jvm.dll+0x110aa6]
V  [jvm.dll+0x110a74]
C  [MSVCRT.dll+0x2a3b0]
C  [kernel32.dll+0xb6a3]

Java frames: (J=compiled Java code, j=interpreted, Vv=VM code)
J  com.parctechnologies.eclipse.NativeEclipse.resumeLong(Ljava/lang/Integer;)I
J  com.parctechnologies.eclipse.EmbeddedEclipse.getNextControlSignal(ZZ)Lcom/parctechnologies/eclipse/EclipseConnectionImpl$ControlSignal;
J  com.parctechnologies.eclipse.EclipseConnectionImpl.waitForEclipse(Z)V
v  ~OSRAdapter
j  com.parctechnologies.eclipse.EclipseConnectionImpl.executeRpc(Ljava/lang/Object;)Lcom/parctechnologies/eclipse/CompoundTerm;+7
j  com.parctechnologies.eclipse.EclipseConnectionImpl.rpc(Ljava/lang/String;)Lcom/parctechnologies/eclipse/CompoundTerm;+6
j  org.smartfrog.sfcore.languages.sf.constraints.EclipseSolver.run()V+6
j  java.lang.Thread.run()V+11
v  ~StubRoutines::call_stub

---------------  P R O C E S S  ---------------

Java Threads: ( => current thread )
=>0x0af9d8e0 JavaThread "Thread-0" [_thread_in_native, id=4992]
  0x00a3ff40 JavaThread "Low Memory Detector" daemon [_thread_blocked, id=5828]
  0x00a3e4e0 JavaThread "CompilerThread0" daemon [_thread_blocked, id=5140]
  0x00a3d468 JavaThread "Signal Dispatcher" daemon [_thread_blocked, id=4336]
  0x00a3ab90 JavaThread "JDWP Command Reader" daemon [_thread_in_native, id=4360]
  0x00a398d8 JavaThread "JDWP Event Helper Thread" daemon [_thread_blocked, id=5224]
  0x00357138 JavaThread "JDWP Transport Listener: dt_socket" daemon [_thread_blocked, id=4944]
  0x00a29ed8 JavaThread "Finalizer" daemon [_thread_blocked, id=5016]
  0x00a28a68 JavaThread "Reference Handler" daemon [_thread_blocked, id=4856]
  0x003568d8 JavaThread "main" [_thread_blocked, id=1020]

Other Threads:
  0x00a25fa0 VMThread [id=4464]
  0x00a41330 WatcherThread [id=5992]

VM state:not at safepoint (normal execution)

VM Mutex/Monitor currently owned by a thread: None

Heap
 def new generation   total 576K, used 256K [0x02a70000, 0x02b10000, 0x02f50000)
  eden space 512K,  50% used [0x02a70000, 0x02ab0090, 0x02af0000)
  from space 64K,   0% used [0x02b00000, 0x02b00028, 0x02b10000)
  to   space 64K,   0% used [0x02af0000, 0x02af0000, 0x02b00000)
 tenured generation   total 1408K, used 423K [0x02f50000, 0x030b0000, 0x06a70000)
   the space 1408K,  30% used [0x02f50000, 0x02fb9de8, 0x02fb9e00, 0x030b0000)
 compacting perm gen  total 8192K, used 3482K [0x06a70000, 0x07270000, 0x0aa70000)
   the space 8192K,  42% used [0x06a70000, 0x06dd6998, 0x06dd6a00, 0x07270000)
No shared spaces configured.

Dynamic libraries:
0x00400000 - 0x0040d000 	C:\JBuilder2007\jre\bin\javaw.exe
0x7c900000 - 0x7c9b0000 	C:\WINDOWS\system32\ntdll.dll
0x7c800000 - 0x7c8f5000 	C:\WINDOWS\system32\kernel32.dll
0x77dd0000 - 0x77e6b000 	C:\WINDOWS\system32\ADVAPI32.dll
0x77e70000 - 0x77f02000 	C:\WINDOWS\system32\RPCRT4.dll
0x77fe0000 - 0x77ff1000 	C:\WINDOWS\system32\Secur32.dll
0x7e410000 - 0x7e4a0000 	C:\WINDOWS\system32\USER32.dll
0x77f10000 - 0x77f57000 	C:\WINDOWS\system32\GDI32.dll
0x77c10000 - 0x77c68000 	C:\WINDOWS\system32\MSVCRT.dll
0x6d740000 - 0x6d8dd000 	C:\JBuilder2007\jre\jre\bin\client\jvm.dll
0x76b40000 - 0x76b6d000 	C:\WINDOWS\system32\WINMM.dll
0x6d300000 - 0x6d308000 	C:\JBuilder2007\jre\jre\bin\hpi.dll
0x76bf0000 - 0x76bfb000 	C:\WINDOWS\system32\PSAPI.DLL
0x6d400000 - 0x6d435000 	C:\JBuilder2007\jre\jre\bin\jdwp.dll
0x6d710000 - 0x6d71c000 	C:\JBuilder2007\jre\jre\bin\verify.dll
0x6d380000 - 0x6d39d000 	C:\JBuilder2007\jre\jre\bin\java.dll
0x6d730000 - 0x6d73f000 	C:\JBuilder2007\jre\jre\bin\zip.dll
0x6d290000 - 0x6d297000 	C:\JBuilder2007\jre\jre\bin\dt_socket.dll
0x71ab0000 - 0x71ac7000 	C:\WINDOWS\system32\WS2_32.dll
0x71aa0000 - 0x71aa8000 	C:\WINDOWS\system32\WS2HELP.dll
0x71a50000 - 0x71a8f000 	C:\WINDOWS\System32\mswsock.dll
0x76f20000 - 0x76f47000 	C:\WINDOWS\system32\DNSAPI.dll
0x76fb0000 - 0x76fb8000 	C:\WINDOWS\System32\winrnr.dll
0x76f60000 - 0x76f8c000 	C:\WINDOWS\system32\WLDAP32.dll
0x76fc0000 - 0x76fc6000 	C:\WINDOWS\system32\rasadhlp.dll
0x662b0000 - 0x66308000 	C:\WINDOWS\system32\hnetcfg.dll
0x71a90000 - 0x71a98000 	C:\WINDOWS\System32\wshtcpip.dll
0x10000000 - 0x10041000 	C:\ECLiPSe510\lib\i386_nt\ec_java_load.dll
0x0b390000 - 0x0b3d1000 	C:\ECLiPSe510\lib\i386_nt\ec_java.dll
0x0b3e0000 - 0x0b4ee000 	C:\ECLIPSE510\lib\i386_nt\eclipse.dll
0x5b860000 - 0x5b8b4000 	C:\WINDOWS\system32\NETAPI32.DLL
0x71ad0000 - 0x71ad9000 	C:\WINDOWS\system32\WSOCK32.DLL
0x0b4f0000 - 0x0b51f000 	C:\ECLIPSE510\lib\i386_nt\gmp33.dll
0x0b9e0000 - 0x0ba86000 	C:\ECLIPSE510\lib\i386_nt\pteclipse.dll
0x5d090000 - 0x5d12a000 	C:\WINDOWS\system32\COMCTL32.DLL
0x763b0000 - 0x763f9000 	C:\WINDOWS\system32\COMDLG32.DLL
0x77f60000 - 0x77fd6000 	C:\WINDOWS\system32\SHLWAPI.dll
0x7c9c0000 - 0x7d1d5000 	C:\WINDOWS\system32\SHELL32.dll
0x773d0000 - 0x774d3000 	C:\WINDOWS\WinSxS\x86_Microsoft.Windows.Common-Controls_6595b64144ccf1df_6.0.2600.2982_x-ww_ac3f9c03\comctl32.dll
0x0be30000 - 0x0be75000 	C:\ECLIPSE510\lib\i386_nt\bitmap.dll
0x0be80000 - 0x0becb000 	C:\ECLIPSE510\lib\i386_nt\ic.dll

VM Arguments:
jvm_args: -Declipse.directory=C:\ECLIPSE510 -Dorg.smartfrog.iniFile=C:\constraints\smartfrog\dist\bin\default.ini -agentlib:jdwp=transport=dt_socket,suspend=y,address=localhost:2046
java_command: org.smartfrog.SFParse -v test4.sf
Launcher Type: SUN_STANDARD

Environment Variables:
JAVA_HOME=C:\Program Files\Java\jdk1.6.0_02
PATH=c:\program files\imagemagick-6.3.5-q16;C:\Program Files\MiKTeX 2.6\miktex\bin;C:\WINDOWS\system32;C:\WINDOWS;C:\WINDOWS\System32\Wbem;C:\Program Files\ActivCard\ActivCard Gold\resources;C:\WINDOWS\RIT;C:\Program Files\MySQL\MySQL Server 5.0\bin;C:\Program Files\Java\jdk1.6.0_02\bin;C:\constraints\smartfrog\dist\bin;C:\ant\apache-ant-1.7.0\bin
USERNAME=anfarr
OS=Windows_NT
PROCESSOR_IDENTIFIER=x86 Family 6 Model 15 Stepping 6, GenuineIntel



---------------  S Y S T E M  ---------------

OS: Windows XP Build 2600 Service Pack 2

CPU:total 2 (cores per cpu 2, threads per core 1) family 6 model 15 stepping 6, cmov, cx8, fxsr, mmx, sse, sse2

Memory: 4k page, physical 2096492k(1148916k free), swap 4033504k(3068796k free)

vm_info: Java HotSpot(TM) Client VM (1.5.0_11-b03) for windows-x86, built on Dec 15 2006 01:16:12 by "java_re" with MS VC++ 6.0

